Arguments: 
  /Users/luizantoniodecampos/.nvm/versions/node/v17.6.0/bin/node /usr/local/Cellar/yarn/1.22.11/libexec/bin/yarn.js start

PATH: 
  /Users/luizantoniodecampos/.nvm/versions/node/v17.6.0/bin:/usr/local/opt/node@12/bin:/Library/Frameworks/Python.framework/Versions/3.8/bin:/usr/local/bin:/usr/bin:/bin:/usr/sbin:/sbin:/Applications/mongodb/bin:/usr/local/share/dotnet:/opt/X11/bin:~/.dotnet/tools:/Library/Apple/usr/bin:/Library/Frameworks/Mono.framework/Versions/Current/Commands:/Users/luizantoniodecampos/.nvm/versions/node/v17.6.0/bin:/usr/local/opt/node@12/bin:/Library/Frameworks/Python.framework/Versions/3.8/bin

Yarn version: 
  1.22.11

Node version: 
  17.6.0

Platform: 
  darwin x64

Trace: 
  Error: EPERM: operation not permitted, open '/Users/luizantoniodecampos/Desktop/package.json'

npm manifest: 
  {
    "name": "defi-tutorial",
    "version": "0.1.0",
    "description": "DeFi Token Staking App",
    "author": "c-money",
    "dependencies": {
      "@types/jest": "^26.0.24",
      "@types/node": "^16.3.1",
      "@types/react": "^17.0.14",
      "@types/react-dom": "^17.0.9",
      "babel-polyfill": "6.26.0",
      "babel-preset-env": "1.7.0",
      "babel-preset-es2015": "6.24.1",
      "babel-preset-stage-2": "6.24.1",
      "babel-preset-stage-3": "6.24.1",
      "babel-register": "6.26.0",
      "bootstrap": "4.3.1",
      "chai": "4.2.0",
      "chai-as-promised": "7.1.1",
      "chai-bignumber": "3.0.0",
      "identicon.js": "^2.3.3",
      "react": "^16.8.4",
      "react-bootstrap": "^1.6.4",
      "react-dom": "16.8.4",
      "react-scripts": "^2.1.3",
      "react-tsparticles": "^1.31.2",
      "solc": "^0.8.12",
      "truffle": "^5.1.39",
      "typescript": "^4.3.5",
      "web3": "^1.7.1"
    },
    "scripts": {
      "start": "react-scripts start",
      "build": "react-scripts build",
      "test": "react-scripts test",
      "eject": "react-scripts eject"
    },
    "eslintConfig": {
      "extends": "react-app"
    },
    "browserslist": [
      ">0.2%",
      "not dead",
      "not ie <= 11",
      "not op_mini all"
    ]
  }

yarn manifest: 
  No manifest

Lockfile: 
  No lockfile
